0 info it worked if it ends with ok
1 verbose cli [ '/usr/local/bin/node', '/usr/local/bin/npm', 'run', 'push' ]
2 info using npm@3.3.12
3 info using node@v5.2.0
4 verbose run-script [ 'prepush', 'push', 'postpush' ]
5 info lifecycle awesome.json@1.0.0~prepush: awesome.json@1.0.0
6 silly lifecycle awesome.json@1.0.0~prepush: no script for prepush, continuing
7 info lifecycle awesome.json@1.0.0~push: awesome.json@1.0.0
8 verbose lifecycle awesome.json@1.0.0~push: unsafe-perm in lifecycle true
9 verbose lifecycle awesome.json@1.0.0~push: PATH: /usr/local/lib/node_modules/npm/bin/node-gyp-bin:/home/ec2-user/awesome.json/node_modules/.bin:/usr/local/bin:/bin:/usr/bin:/usr/local/sbin:/usr/sbin:/sbin:/opt/aws/bin:/home/ec2-user/.local/bin:/home/ec2-user/bin:/home/ec2-user/.local/bin:/home/ec2-user/bin
10 verbose lifecycle awesome.json@1.0.0~push: CWD: /home/ec2-user/awesome.json
11 silly lifecycle awesome.json@1.0.0~push: Args: [ '-c',
11 silly lifecycle   'git add . && git commit -m \'updated json\' && sudo git push origin update-branch' ]
12 silly lifecycle awesome.json@1.0.0~push: Returned: code: 1  signal: null
13 info lifecycle awesome.json@1.0.0~push: Failed to exec push script
14 verbose stack Error: awesome.json@1.0.0 push: `git add . && git commit -m 'updated json' && sudo git push origin update-branch`
14 verbose stack Exit status 1
14 verbose stack     at EventEmitter.<anonymous> (/usr/local/lib/node_modules/npm/lib/utils/lifecycle.js:232:16)
14 verbose stack     at emitTwo (events.js:88:13)
14 verbose stack     at EventEmitter.emit (events.js:173:7)
14 verbose stack     at ChildProcess.<anonymous> (/usr/local/lib/node_modules/npm/lib/utils/spawn.js:24:14)
14 verbose stack     at emitTwo (events.js:88:13)
14 verbose stack     at ChildProcess.emit (events.js:173:7)
14 verbose stack     at maybeClose (internal/child_process.js:819:16)
14 verbose stack     at Process.ChildProcess._handle.onexit (internal/child_process.js:212:5)
15 verbose pkgid awesome.json@1.0.0
16 verbose cwd /home/ec2-user/awesome.json
17 error Linux 4.1.10-17.31.amzn1.x86_64
18 error argv "/usr/local/bin/node" "/usr/local/bin/npm" "run" "push"
19 error node v5.2.0
20 error npm  v3.3.12
21 error code ELIFECYCLE
22 error awesome.json@1.0.0 push: `git add . && git commit -m 'updated json' && sudo git push origin update-branch`
22 error Exit status 1
23 error Failed at the awesome.json@1.0.0 push script 'git add . && git commit -m 'updated json' && sudo git push origin update-branch'.
23 error Make sure you have the latest version of node.js and npm installed.
23 error If you do, this is most likely a problem with the awesome.json package,
23 error not with npm itself.
23 error Tell the author that this fails on your system:
23 error     git add . && git commit -m 'updated json' && sudo git push origin update-branch
23 error You can get their info via:
23 error     npm owner ls awesome.json
23 error There is likely additional logging output above.
24 verbose exit [ 1, true ]
